2013-10-13 00:28:46: root: INFO: Starting ./demo_consolidate_frames.py
2013-10-13 00:28:46: root: INFO: Output directory: ./output

2013-10-13 00:28:46: root: INFO: Found 132 frames for entity {u'Category': 3, u'Name': u'Imants Ziedonis', u'OtherName': [u'I. Ziedonis'], u'NameInflections': u'', u'EntityId': 42, u'OuterId': [u'F6A8C3B7-AC39-11D4-9D85-00A0C9CFC2DB']}
2013-10-13 00:28:46: root: INFO: Finished consolidating frames. Result frame count: 30

2013-10-13 00:28:46: EntityFrames: INFO: Setting consolidated frames for entity 42 (30 frames).
2013-10-13 00:28:46: root: DEBUG: Dumping resulting frame list to: output/42.pickle
2013-10-13 00:28:46: root: INFO: Saving frame data to file: ./output/42.csv
2013-10-13 00:28:46: root: INFO: Save_entity_frames_to_api - summary frames to save for entity 42: 30
2013-10-13 00:28:46: root: DEBUG: Saving summary frame data to API: calling api.insert_summary_frame:
{'SummarizedFrames': [1000031, 1000018], u'SentenceId': '', u'FrameData': [{u'Key': 2, u'Value': {u'PlaceInSentence': 0, u'Entity': 49}}, {u'Key': 1, u'Value': {u'PlaceInSentence': 0, u'Entity': 42}}, {u'Key': 5, u'Value': {u'PlaceInSentence': 0, u'Entity': 50}}], u'SourceId': '', u'TargetWord': None, u'FrameType': 6, u'FrameId': 1000031, 'FrameCnt': 2, u'IsDeleted': False, 'SummaryInfo': 'captsolo | ConsolidateFrames:  BaseConsolidator | 2013_10_13 00:28:46', u'IsBlessed': False, u'IsHidden': False, u'DocumentId': '', 'MergeType': 'M'}
2013-10-13 00:28:46: root: DEBUG: ... return value from saving summary frame:
{u'Answers': [{u'Answer': 0, u'AnswerTypeString': u'Ok', u'FrameId': 1001098}]}
2013-10-13 00:28:46: root: DEBUG: Frame saved OK with id: 1001098

2013-10-13 00:28:46: root: DEBUG: Saving summary frame data to API: calling api.insert_summary_frame:
{'SummarizedFrames': [1265102], u'SentenceId': u'35', u'FrameData': [{u'Key': 6, u'Value': {u'PlaceInSentence': 2, u'Entity': 76025}}, {u'Key': 3, u'Value': {u'PlaceInSentence': 4, u'Entity': 42}}, {u'Key': 2, u'Value': {u'PlaceInSentence': 10, u'Entity': 76026}}], u'SourceId': u'Pipeline parse at 2013-10-12T05:56:31.272229', u'TargetWord': None, u'FrameType': 22, u'FrameId': 1265102, 'FrameCnt': 1, u'IsDeleted': False, 'SummaryInfo': 'captsolo | ConsolidateFrames:  BaseConsolidator | 2013_10_13 00:28:46', u'IsBlessed': False, u'IsHidden': False, u'DocumentId': u'D0F57BAA-7D6B-4557-AB0E-93835A38C919', 'MergeType': 'O'}
2013-10-13 00:28:46: root: DEBUG: ... return value from saving summary frame:
{u'Answers': [{u'Answer': 0, u'AnswerTypeString': u'Ok', u'FrameId': 1001099}]}
2013-10-13 00:28:46: root: DEBUG: Frame saved OK with id: 1001099

2013-10-13 00:28:46: root: DEBUG: Saving summary frame data to API: calling api.insert_summary_frame:
{'SummarizedFrames': [1263373], u'SentenceId': u'15', u'FrameData': [{u'Key': 5, u'Value': {u'PlaceInSentence': 7, u'Entity': 118256}}, {u'Key': 4, u'Value': {u'PlaceInSentence': 19, u'Entity': 42}}], u'SourceId': u'Pipeline parse at 2013-10-12T05:49:16.623024', u'TargetWord': None, u'FrameType': 10, u'FrameId': 1263373, 'FrameCnt': 1, u'IsDeleted': False, 'SummaryInfo': 'captsolo | ConsolidateFrames:  BaseConsolidator | 2013_10_13 00:28:46', u'IsBlessed': False, u'IsHidden': False, u'DocumentId': u'96DFB5C8-E331-11D6-B395-004005A4B5EE', 'MergeType': 'O'}
2013-10-13 00:28:46: root: DEBUG: ... return value from saving summary frame:
{u'Answers': [{u'Answer': 0, u'AnswerTypeString': u'Ok', u'FrameId': 1001100}]}
2013-10-13 00:28:46: root: DEBUG: Frame saved OK with id: 1001100

2013-10-13 00:28:46: root: DEBUG: Saving summary frame data to API: calling api.insert_summary_frame:
{'SummarizedFrames': [1000026, 1000038], u'SentenceId': '', u'FrameData': [{u'Key': 1, u'Value': {u'PlaceInSentence': 0, u'Entity': 42}}, {u'Key': 3, u'Value': {u'PlaceInSentence': 0, u'Entity': 61}}, {u'Key': 9, u'Value': {u'PlaceInSentence': 0, u'Entity': 53}}, {u'Key': 5, u'Value': {u'PlaceInSentence': 0, u'Entity': 62}}, {u'Key': 8, u'Value': {u'PlaceInSentence': 0, u'Entity': 52}}], u'SourceId': '', u'TargetWord': None, u'FrameType': 9, u'FrameId': 1000026, 'FrameCnt': 2, u'IsDeleted': False, 'SummaryInfo': 'captsolo | ConsolidateFrames:  BaseConsolidator | 2013_10_13 00:28:46', u'IsBlessed': False, u'IsHidden': False, u'DocumentId': '', 'MergeType': 'M'}
2013-10-13 00:28:46: root: DEBUG: ... return value from saving summary frame:
{u'Answers': [{u'Answer': 0, u'AnswerTypeString': u'Ok', u'FrameId': 1001101}]}
2013-10-13 00:28:46: root: DEBUG: Frame saved OK with id: 1001101

2013-10-13 00:28:46: root: DEBUG: Saving summary frame data to API: calling api.insert_summary_frame:
{'SummarizedFrames': [1264893], u'SentenceId': u'5', u'FrameData': [{u'Key': 6, u'Value': {u'PlaceInSentence': 2, u'Entity': 56}}, {u'Key': 3, u'Value': {u'PlaceInSentence': 15, u'Entity': 42}}, {u'Key': 2, u'Value': {u'PlaceInSentence': 9, u'Entity': 118699}}], u'SourceId': u'Pipeline parse at 2013-10-12T05:55:31.452546', u'TargetWord': None, u'FrameType': 22, u'FrameId': 1264893, 'FrameCnt': 1, u'IsDeleted': False, 'SummaryInfo': 'captsolo | ConsolidateFrames:  BaseConsolidator | 2013_10_13 00:28:46', u'IsBlessed': False, u'IsHidden': False, u'DocumentId': u'CD31F7A1-7D4D-11D7-B170-0010B594D402', 'MergeType': 'O'}
2013-10-13 00:28:46: root: DEBUG: ... return value from saving summary frame:
{u'Answers': [{u'Answer': 0, u'AnswerTypeString': u'Ok', u'FrameId': 1001102}]}
2013-10-13 00:28:46: root: DEBUG: Frame saved OK with id: 1001102

2013-10-13 00:28:46: root: DEBUG: Saving summary frame data to API: calling api.insert_summary_frame:
{'SummarizedFrames': [1000032, 1000019], u'SentenceId': '', u'FrameData': [{u'Key': 1, u'Value': {u'PlaceInSentence': 0, u'Entity': 42}}, {u'Key': 3, u'Value': {u'PlaceInSentence': 0, u'Entity': 47}}, {u'Key': 2, u'Value': {u'PlaceInSentence': 0, u'Entity': 48}}], u'SourceId': '', u'TargetWord': None, u'FrameType': 9, u'FrameId': 1000032, 'FrameCnt': 2, u'IsDeleted': False, 'SummaryInfo': 'captsolo | ConsolidateFrames:  BaseConsolidator | 2013_10_13 00:28:46', u'IsBlessed': False, u'IsHidden': False, u'DocumentId': '', 'MergeType': 'M'}
2013-10-13 00:28:46: root: DEBUG: ... return value from saving summary frame:
{u'Answers': [{u'Answer': 0, u'AnswerTypeString': u'Ok', u'FrameId': 1001103}]}
2013-10-13 00:28:46: root: DEBUG: Frame saved OK with id: 1001103

2013-10-13 00:28:46: root: DEBUG: Saving summary frame data to API: calling api.insert_summary_frame:
{'SummarizedFrames': [1000036, 1000024], u'SentenceId': '', u'FrameData': [{u'Key': 2, u'Value': {u'PlaceInSentence': 0, u'Entity': 64}}, {u'Key': 3, u'Value': {u'PlaceInSentence': 0, u'Entity': 65}}, {u'Key': 1, u'Value': {u'PlaceInSentence': 0, u'Entity': 42}}, {u'Key': 6, u'Value': {u'PlaceInSentence': 0, u'Entity': 55}}], u'SourceId': '', u'TargetWord': None, u'FrameType': 13, u'FrameId': 1000036, 'FrameCnt': 2, u'IsDeleted': False, 'SummaryInfo': 'captsolo | ConsolidateFrames:  BaseConsolidator | 2013_10_13 00:28:46', u'IsBlessed': False, u'IsHidden': False, u'DocumentId': '', 'MergeType': 'M'}
2013-10-13 00:28:46: root: DEBUG: ... return value from saving summary frame:
{u'Answers': [{u'Answer': 0, u'AnswerTypeString': u'Ok', u'FrameId': 1001104}]}
2013-10-13 00:28:46: root: DEBUG: Frame saved OK with id: 1001104

2013-10-13 00:28:46: root: DEBUG: Saving summary frame data to API: calling api.insert_summary_frame:
{'SummarizedFrames': [1259731, 1259730], u'SentenceId': '', u'FrameData': [{u'Key': 3, u'Value': {u'PlaceInSentence': 2, u'Entity': 42}}, {u'Key': 2, u'Value': {u'PlaceInSentence': 19, u'Entity': 103510}}], u'SourceId': '', u'TargetWord': None, u'FrameType': 22, u'FrameId': 1259731, 'FrameCnt': 2, u'IsDeleted': False, 'SummaryInfo': 'captsolo | ConsolidateFrames:  BaseConsolidator | 2013_10_13 00:28:46', u'IsBlessed': False, u'IsHidden': False, u'DocumentId': u'24F77CD9-871E-4276-B016-F0560984315D', 'MergeType': 'M'}
2013-10-13 00:28:46: root: DEBUG: ... return value from saving summary frame:
{u'Answers': [{u'Answer': 0, u'AnswerTypeString': u'Ok', u'FrameId': 1001105}]}
2013-10-13 00:28:46: root: DEBUG: Frame saved OK with id: 1001105

2013-10-13 00:28:46: root: DEBUG: Saving summary frame data to API: calling api.insert_summary_frame:
{'SummarizedFrames': [1000040, 1000028], u'SentenceId': '', u'FrameData': [{u'Key': 1, u'Value': {u'PlaceInSentence': 0, u'Entity': 42}}, {u'Key': 2, u'Value': {u'PlaceInSentence': 0, u'Entity': 68}}], u'SourceId': '', u'TargetWord': None, u'FrameType': 7, u'FrameId': 1000040, 'FrameCnt': 2, u'IsDeleted': False, 'SummaryInfo': 'captsolo | ConsolidateFrames:  BaseConsolidator | 2013_10_13 00:28:46', u'IsBlessed': False, u'IsHidden': False, u'DocumentId': '', 'MergeType': 'M'}
2013-10-13 00:28:46: root: DEBUG: ... return value from saving summary frame:
{u'Answers': [{u'Answer': 0, u'AnswerTypeString': u'Ok', u'FrameId': 1001106}]}
2013-10-13 00:28:46: root: DEBUG: Frame saved OK with id: 1001106

2013-10-13 00:28:46: root: DEBUG: Saving summary frame data to API: calling api.insert_summary_frame:
{'SummarizedFrames': [1266299, 1263292, 1266300, 1264482, 1263293, 1264484, 1264483, 1263294], u'SentenceId': '', u'FrameData': [{u'Key': 6, u'Value': {u'PlaceInSentence': 2, u'Entity': 75168}}, {u'Key': 3, u'Value': {u'PlaceInSentence': 4, u'Entity': 42}}, {u'Key': 2, u'Value': {u'PlaceInSentence': 24, u'Entity': 103510}}], u'SourceId': '', u'TargetWord': None, u'FrameType': 22, u'FrameId': 1266299, 'FrameCnt': 8, u'IsDeleted': False, 'SummaryInfo': 'captsolo | ConsolidateFrames:  BaseConsolidator | 2013_10_13 00:28:46', u'IsBlessed': False, u'IsHidden': False, u'DocumentId': '', 'MergeType': 'M'}
2013-10-13 00:28:46: root: DEBUG: ... return value from saving summary frame:
{u'Answers': [{u'Answer': 0, u'AnswerTypeString': u'Ok', u'FrameId': 1001107}]}
2013-10-13 00:28:46: root: DEBUG: Frame saved OK with id: 1001107

2013-10-13 00:28:46: root: DEBUG: Saving summary frame data to API: calling api.insert_summary_frame:
{'SummarizedFrames': [1266071, 1266072, 1260568, 1260566, 1266073, 1260567], u'SentenceId': '', u'FrameData': [{u'Key': 6, u'Value': {u'PlaceInSentence': 2, u'Entity': 75168}}, {u'Key': 3, u'Value': {u'PlaceInSentence': 3, u'Entity': 42}}, {u'Key': 2, u'Value': {u'PlaceInSentence': 28, u'Entity': 75176}}], u'SourceId': '', u'TargetWord': None, u'FrameType': 22, u'FrameId': 1266071, 'FrameCnt': 6, u'IsDeleted': False, 'SummaryInfo': 'captsolo | ConsolidateFrames:  BaseConsolidator | 2013_10_13 00:28:46', u'IsBlessed': False, u'IsHidden': False, u'DocumentId': '', 'MergeType': 'M'}
2013-10-13 00:28:46: root: DEBUG: ... return value from saving summary frame:
{u'Answers': [{u'Answer': 0, u'AnswerTypeString': u'Ok', u'FrameId': 1001108}]}
2013-10-13 00:28:46: root: DEBUG: Frame saved OK with id: 1001108

2013-10-13 00:28:46: root: DEBUG: Saving summary frame data to API: calling api.insert_summary_frame:
{'SummarizedFrames': [1260574, 1266079], u'SentenceId': '', u'FrameData': [{u'Key': 6, u'Value': {u'PlaceInSentence': 1, u'Entity': 75176}}, {u'Key': 3, u'Value': {u'PlaceInSentence': 2, u'Entity': 42}}, {u'Key': 2, u'Value': {u'PlaceInSentence': 14, u'Entity': 75176}}], u'SourceId': '', u'TargetWord': None, u'FrameType': 22, u'FrameId': 1260574, 'FrameCnt': 2, u'IsDeleted': False, 'SummaryInfo': 'captsolo | ConsolidateFrames:  BaseConsolidator | 2013_10_13 00:28:46', u'IsBlessed': False, u'IsHidden': False, u'DocumentId': '', 'MergeType': 'M'}
2013-10-13 00:28:46: root: DEBUG: ... return value from saving summary frame:
{u'Answers': [{u'Answer': 0, u'AnswerTypeString': u'Ok', u'FrameId': 1001109}]}
2013-10-13 00:28:46: root: DEBUG: Frame saved OK with id: 1001109

2013-10-13 00:28:46: root: DEBUG: Saving summary frame data to API: calling api.insert_summary_frame:
{'SummarizedFrames': [1000041, 1000029], u'SentenceId': '', u'FrameData': [{u'Key': 1, u'Value': {u'PlaceInSentence': 0, u'Entity': 42}}, {u'Key': 2, u'Value': {u'PlaceInSentence': 0, u'Entity': 69}}], u'SourceId': '', u'TargetWord': None, u'FrameType': 7, u'FrameId': 1000041, 'FrameCnt': 2, u'IsDeleted': False, 'SummaryInfo': 'captsolo | ConsolidateFrames:  BaseConsolidator | 2013_10_13 00:28:46', u'IsBlessed': False, u'IsHidden': False, u'DocumentId': '', 'MergeType': 'M'}
2013-10-13 00:28:46: root: DEBUG: ... return value from saving summary frame:
{u'Answers': [{u'Answer': 0, u'AnswerTypeString': u'Ok', u'FrameId': 1001110}]}
2013-10-13 00:28:46: root: DEBUG: Frame saved OK with id: 1001110

2013-10-13 00:28:46: root: DEBUG: Saving summary frame data to API: calling api.insert_summary_frame:
{'SummarizedFrames': [1265505, 1260515], u'SentenceId': '', u'FrameData': [{u'Key': 7, u'Value': {u'PlaceInSentence': 2, u'Entity': 75168}}, {u'Key': 4, u'Value': {u'PlaceInSentence': 3, u'Entity': 42}}], u'SourceId': '', u'TargetWord': None, u'FrameType': 10, u'FrameId': 1265505, 'FrameCnt': 2, u'IsDeleted': False, 'SummaryInfo': 'captsolo | ConsolidateFrames:  BaseConsolidator | 2013_10_13 00:28:46', u'IsBlessed': False, u'IsHidden': False, u'DocumentId': '', 'MergeType': 'M'}
2013-10-13 00:28:46: root: DEBUG: ... return value from saving summary frame:
{u'Answers': [{u'Answer': 0, u'AnswerTypeString': u'Ok', u'FrameId': 1001111}]}
2013-10-13 00:28:46: root: DEBUG: Frame saved OK with id: 1001111

2013-10-13 00:28:46: root: DEBUG: Saving summary frame data to API: calling api.insert_summary_frame:
{'SummarizedFrames': [1261437, 1263972, 1264457, 1260225, 1263364, 1261899, 1259734], u'SentenceId': '', u'FrameData': [{u'Key': 6, u'Value': {u'PlaceInSentence': 2, u'Entity': 77269}}, {u'Key': 3, u'Value': {u'PlaceInSentence': 3, u'Entity': 42}}, {u'Key': 2, u'Value': {u'PlaceInSentence': 15, u'Entity': 75173}}], u'SourceId': '', u'TargetWord': None, u'FrameType': 22, u'FrameId': 1261437, 'FrameCnt': 7, u'IsDeleted': False, 'SummaryInfo': 'captsolo | ConsolidateFrames:  BaseConsolidator | 2013_10_13 00:28:46', u'IsBlessed': False, u'IsHidden': False, u'DocumentId': '', 'MergeType': 'M'}
2013-10-13 00:28:46: root: DEBUG: ... return value from saving summary frame:
{u'Answers': [{u'Answer': 0, u'AnswerTypeString': u'Ok', u'FrameId': 1001112}]}
2013-10-13 00:28:46: root: DEBUG: Frame saved OK with id: 1001112

2013-10-13 00:28:46: root: DEBUG: Saving summary frame data to API: calling api.insert_summary_frame:
{'SummarizedFrames': [1000023, 1000035], u'SentenceId': '', u'FrameData': [{u'Key': 1, u'Value': {u'PlaceInSentence': 0, u'Entity': 42}}, {u'Key': 2, u'Value': {u'PlaceInSentence': 0, u'Entity': 63}}, {u'Key': 6, u'Value': {u'PlaceInSentence': 0, u'Entity': 54}}], u'SourceId': '', u'TargetWord': None, u'FrameType': 22, u'FrameId': 1000023, 'FrameCnt': 2, u'IsDeleted': False, 'SummaryInfo': 'captsolo | ConsolidateFrames:  BaseConsolidator | 2013_10_13 00:28:46', u'IsBlessed': False, u'IsHidden': False, u'DocumentId': '', 'MergeType': 'M'}
2013-10-13 00:28:46: root: DEBUG: ... return value from saving summary frame:
{u'Answers': [{u'Answer': 0, u'AnswerTypeString': u'Ok', u'FrameId': 1001113}]}
2013-10-13 00:28:46: root: DEBUG: Frame saved OK with id: 1001113

2013-10-13 00:28:46: root: DEBUG: Saving summary frame data to API: calling api.insert_summary_frame:
{'SummarizedFrames': [1260891, 1264255, 1259195, 1259913], u'SentenceId': '', u'FrameData': [{u'Key': 6, u'Value': {u'PlaceInSentence': 9, u'Entity': 75392}}, {u'Key': 5, u'Value': {u'PlaceInSentence': 13, u'Entity': 75392}}, {u'Key': 3, u'Value': {u'PlaceInSentence': 3, u'Entity': 42}}], u'SourceId': '', u'TargetWord': None, u'FrameType': 22, u'FrameId': 1260891, 'FrameCnt': 4, u'IsDeleted': False, 'SummaryInfo': 'captsolo | ConsolidateFrames:  BaseConsolidator | 2013_10_13 00:28:46', u'IsBlessed': False, u'IsHidden': False, u'DocumentId': '', 'MergeType': 'M'}
2013-10-13 00:28:46: root: DEBUG: ... return value from saving summary frame:
{u'Answers': [{u'Answer': 0, u'AnswerTypeString': u'Ok', u'FrameId': 1001114}]}
2013-10-13 00:28:46: root: DEBUG: Frame saved OK with id: 1001114

2013-10-13 00:28:46: root: DEBUG: Saving summary frame data to API: calling api.insert_summary_frame:
{'SummarizedFrames': [1000017, 1000030], u'SentenceId': '', u'FrameData': [{u'Key': 4, u'Value': {u'PlaceInSentence': 0, u'Entity': 46}}, {u'Key': 2, u'Value': {u'PlaceInSentence': 0, u'Entity': 44}}, {u'Key': 3, u'Value': {u'PlaceInSentence': 0, u'Entity': 45}}, {u'Key': 1, u'Value': {u'PlaceInSentence': 0, u'Entity': 42}}], u'SourceId': '', u'TargetWord': None, u'FrameType': 0, u'FrameId': 1000017, 'FrameCnt': 2, u'IsDeleted': False, 'SummaryInfo': 'captsolo | ConsolidateFrames:  BaseConsolidator | 2013_10_13 00:28:46', u'IsBlessed': False, u'IsHidden': False, u'DocumentId': '', 'MergeType': 'M'}
2013-10-13 00:28:47: root: DEBUG: ... return value from saving summary frame:
{u'Answers': [{u'Answer': 0, u'AnswerTypeString': u'Ok', u'FrameId': 1001115}]}
2013-10-13 00:28:47: root: DEBUG: Frame saved OK with id: 1001115

2013-10-13 00:28:47: root: DEBUG: Saving summary frame data to API: calling api.insert_summary_frame:
{'SummarizedFrames': [1000020, 1000033], u'SentenceId': '', u'FrameData': [{u'Key': 5, u'Value': {u'PlaceInSentence': 0, u'Entity': 51}}, {u'Key': 2, u'Value': {u'PlaceInSentence': 0, u'Entity': 57}}, {u'Key': 1, u'Value': {u'PlaceInSentence': 0, u'Entity': 42}}, {u'Key': 3, u'Value': {u'PlaceInSentence': 0, u'Entity': 58}}], u'SourceId': '', u'TargetWord': None, u'FrameType': 6, u'FrameId': 1000020, 'FrameCnt': 2, u'IsDeleted': False, 'SummaryInfo': 'captsolo | ConsolidateFrames:  BaseConsolidator | 2013_10_13 00:28:46', u'IsBlessed': False, u'IsHidden': False, u'DocumentId': '', 'MergeType': 'M'}
2013-10-13 00:28:47: root: DEBUG: ... return value from saving summary frame:
{u'Answers': [{u'Answer': 0, u'AnswerTypeString': u'Ok', u'FrameId': 1001116}]}
2013-10-13 00:28:47: root: DEBUG: Frame saved OK with id: 1001116

2013-10-13 00:28:47: root: DEBUG: Saving summary frame data to API: calling api.insert_summary_frame:
{'SummarizedFrames': [1260380, 1263235], u'SentenceId': '', u'FrameData': [{u'Key': 7, u'Value': {u'PlaceInSentence': 11, u'Entity': 79062}}, {u'Key': 4, u'Value': {u'PlaceInSentence': 2, u'Entity': 42}}], u'SourceId': '', u'TargetWord': None, u'FrameType': 10, u'FrameId': 1260380, 'FrameCnt': 2, u'IsDeleted': False, 'SummaryInfo': 'captsolo | ConsolidateFrames:  BaseConsolidator | 2013_10_13 00:28:46', u'IsBlessed': False, u'IsHidden': False, u'DocumentId': '', 'MergeType': 'M'}
2013-10-13 00:28:47: root: DEBUG: ... return value from saving summary frame:
{u'Answers': [{u'Answer': 0, u'AnswerTypeString': u'Ok', u'FrameId': 1001117}]}
2013-10-13 00:28:47: root: DEBUG: Frame saved OK with id: 1001117

2013-10-13 00:28:47: root: DEBUG: Saving summary frame data to API: calling api.insert_summary_frame:
{'SummarizedFrames': [1261432, 1266074, 1264452, 1263295, 1265471, 1264485, 1265743, 1265359, 1263967, 1260645, 1263359, 1260569, 1264846, 1260220, 1261522, 1261894, 1262017], u'SentenceId': '', u'FrameData': [{u'Key': 3, u'Value': {u'PlaceInSentence': 6, u'Entity': 76033}}, {u'Key': 7, u'Value': {u'PlaceInSentence': 2, u'Entity': 76032}}, {u'Key': 4, u'Value': {u'PlaceInSentence': 3, u'Entity': 42}}], u'SourceId': '', u'TargetWord': None, u'FrameType': 10, u'FrameId': 1261432, 'FrameCnt': 17, u'IsDeleted': False, 'SummaryInfo': 'captsolo | ConsolidateFrames:  BaseConsolidator | 2013_10_13 00:28:46', u'IsBlessed': False, u'IsHidden': False, u'DocumentId': '', 'MergeType': 'M'}
2013-10-13 00:28:47: root: DEBUG: ... return value from saving summary frame:
{u'Answers': [{u'Answer': 0, u'AnswerTypeString': u'Ok', u'FrameId': 1001118}]}
2013-10-13 00:28:47: root: DEBUG: Frame saved OK with id: 1001118

2013-10-13 00:28:47: root: DEBUG: Saving summary frame data to API: calling api.insert_summary_frame:
{'SummarizedFrames': [1000037, 1000025], u'SentenceId': '', u'FrameData': [{u'Key': 1, u'Value': {u'PlaceInSentence': 0, u'Entity': 42}}, {u'Key': 2, u'Value': {u'PlaceInSentence': 0, u'Entity': 66}}, {u'Key': 6, u'Value': {u'PlaceInSentence': 0, u'Entity': 56}}], u'SourceId': '', u'TargetWord': None, u'FrameType': 22, u'FrameId': 1000037, 'FrameCnt': 2, u'IsDeleted': False, 'SummaryInfo': 'captsolo | ConsolidateFrames:  BaseConsolidator | 2013_10_13 00:28:46', u'IsBlessed': False, u'IsHidden': False, u'DocumentId': '', 'MergeType': 'M'}
2013-10-13 00:28:47: root: DEBUG: ... return value from saving summary frame:
{u'Answers': [{u'Answer': 0, u'AnswerTypeString': u'Ok', u'FrameId': 1001119}]}
2013-10-13 00:28:47: root: DEBUG: Frame saved OK with id: 1001119

2013-10-13 00:28:47: root: DEBUG: Saving summary frame data to API: calling api.insert_summary_frame:
{'SummarizedFrames': [1259732], u'SentenceId': u'9', u'FrameData': [{u'Key': 7, u'Value': {u'PlaceInSentence': 2, u'Entity': 76032}}, {u'Key': 5, u'Value': {u'PlaceInSentence': 22, u'Entity': 75173}}, {u'Key': 4, u'Value': {u'PlaceInSentence': 3, u'Entity': 42}}], u'SourceId': u'Pipeline parse at 2013-10-12T05:34:20.436329', u'TargetWord': None, u'FrameType': 10, u'FrameId': 1259732, 'FrameCnt': 1, u'IsDeleted': False, 'SummaryInfo': 'captsolo | ConsolidateFrames:  BaseConsolidator | 2013_10_13 00:28:46', u'IsBlessed': False, u'IsHidden': False, u'DocumentId': u'24F77CD9-871E-4276-B016-F0560984315D', 'MergeType': 'O'}
2013-10-13 00:28:47: root: DEBUG: ... return value from saving summary frame:
{u'Answers': [{u'Answer': 0, u'AnswerTypeString': u'Ok', u'FrameId': 1001120}]}
2013-10-13 00:28:47: root: DEBUG: Frame saved OK with id: 1001120

2013-10-13 00:28:47: root: DEBUG: Saving summary frame data to API: calling api.insert_summary_frame:
{'SummarizedFrames': [1264850, 1260643, 1265356, 1261519, 1265740, 1265741, 1263299, 1261521, 1264843, 1260649, 1265358, 1260644, 1264844, 1265363, 1260440, 1265742, 1260439, 1264845, 1261526, 1265357, 1265747, 1264489, 1260642, 1261520], u'SentenceId': '', u'FrameData': [{u'Key': 6, u'Value': {u'PlaceInSentence': 2, u'Entity': 75168}}, {u'Key': 3, u'Value': {u'PlaceInSentence': 14, u'Entity': 42}}, {u'Key': 2, u'Value': {u'PlaceInSentence': 26, u'Entity': 77981}}], u'SourceId': '', u'TargetWord': None, u'FrameType': 22, u'FrameId': 1264850, 'FrameCnt': 24, u'IsDeleted': False, 'SummaryInfo': 'captsolo | ConsolidateFrames:  BaseConsolidator | 2013_10_13 00:28:46', u'IsBlessed': False, u'IsHidden': False, u'DocumentId': '', 'MergeType': 'M'}
2013-10-13 00:28:47: root: DEBUG: ... return value from saving summary frame:
{u'Answers': [{u'Answer': 0, u'AnswerTypeString': u'Ok', u'FrameId': 1001121}]}
2013-10-13 00:28:47: root: DEBUG: Frame saved OK with id: 1001121

2013-10-13 00:28:47: root: DEBUG: Saving summary frame data to API: calling api.insert_summary_frame:
{'SummarizedFrames': [1263989], u'SentenceId': u'0', u'FrameData': [{u'Key': 3, u'Value': {u'PlaceInSentence': 2, u'Entity': 42}}], u'SourceId': u'Pipeline parse at 2013-10-12T05:51:45.814450', u'TargetWord': None, u'FrameType': 22, u'FrameId': 1263989, 'FrameCnt': 1, u'IsDeleted': False, 'SummaryInfo': 'captsolo | ConsolidateFrames:  BaseConsolidator | 2013_10_13 00:28:46', u'IsBlessed': False, u'IsHidden': False, u'DocumentId': u'ABE86F87-D0DB-4728-9688-778B35D52FB8', 'MergeType': 'O'}
2013-10-13 00:28:47: root: DEBUG: ... return value from saving summary frame:
{u'Answers': [{u'Answer': 0, u'AnswerTypeString': u'Ok', u'FrameId': 1001122}]}
2013-10-13 00:28:47: root: DEBUG: Frame saved OK with id: 1001122

2013-10-13 00:28:47: root: DEBUG: Saving summary frame data to API: calling api.insert_summary_frame:
{'SummarizedFrames': [1000042], u'SentenceId': u'', u'FrameData': [{u'Key': 2, u'Value': {u'PlaceInSentence': 0, u'Entity': 42}}, {u'Key': 4, u'Value': {u'PlaceInSentence': 0, u'Entity': 15}}, {u'Key': 1, u'Value': {u'PlaceInSentence': 0, u'Entity': 43}}], u'SourceId': u'Manual sample data - CV', u'TargetWord': None, u'FrameType': 3, u'FrameId': 1000042, 'FrameCnt': 1, u'IsDeleted': False, 'SummaryInfo': 'captsolo | ConsolidateFrames:  BaseConsolidator | 2013_10_13 00:28:46', u'IsBlessed': False, u'IsHidden': False, u'DocumentId': u'F6A8C3B7-AC39-11D4-9D85-00A0C9CFC2DB', 'MergeType': 'O'}
2013-10-13 00:28:47: root: DEBUG: ... return value from saving summary frame:
{u'Answers': [{u'Answer': 0, u'AnswerTypeString': u'Ok', u'FrameId': 1001123}]}
2013-10-13 00:28:47: root: DEBUG: Frame saved OK with id: 1001123

2013-10-13 00:28:47: root: DEBUG: Saving summary frame data to API: calling api.insert_summary_frame:
{'SummarizedFrames': [1264243], u'SentenceId': u'37', u'FrameData': [{u'Key': 3, u'Value': {u'PlaceInSentence': 2, u'Entity': 42}}, {u'Key': 2, u'Value': {u'PlaceInSentence': 8, u'Entity': 114503}}], u'SourceId': u'Pipeline parse at 2013-10-12T05:52:51.549223', u'TargetWord': None, u'FrameType': 22, u'FrameId': 1264243, 'FrameCnt': 1, u'IsDeleted': False, 'SummaryInfo': 'captsolo | ConsolidateFrames:  BaseConsolidator | 2013_10_13 00:28:46', u'IsBlessed': False, u'IsHidden': False, u'DocumentId': u'B3A77FAE-B2F1-4896-AD6C-2276A6A52F78', 'MergeType': 'O'}
2013-10-13 00:28:47: root: DEBUG: ... return value from saving summary frame:
{u'Answers': [{u'Answer': 0, u'AnswerTypeString': u'Ok', u'FrameId': 1001124}]}
2013-10-13 00:28:47: root: DEBUG: Frame saved OK with id: 1001124

2013-10-13 00:28:47: root: DEBUG: Saving summary frame data to API: calling api.insert_summary_frame:
{'SummarizedFrames': [1000034, 1000021], u'SentenceId': '', u'FrameData': [{u'Key': 6, u'Value': {u'PlaceInSentence': 0, u'Entity': 60}}, {u'Key': 2, u'Value': {u'PlaceInSentence': 0, u'Entity': 59}}, {u'Key': 1, u'Value': {u'PlaceInSentence': 0, u'Entity': 42}}, {u'Key': 5, u'Value': {u'PlaceInSentence': 0, u'Entity': 52}}], u'SourceId': '', u'TargetWord': None, u'FrameType': 6, u'FrameId': 1000034, 'FrameCnt': 2, u'IsDeleted': False, 'SummaryInfo': 'captsolo | ConsolidateFrames:  BaseConsolidator | 2013_10_13 00:28:46', u'IsBlessed': False, u'IsHidden': False, u'DocumentId': '', 'MergeType': 'M'}
2013-10-13 00:28:47: root: DEBUG: ... return value from saving summary frame:
{u'Answers': [{u'Answer': 0, u'AnswerTypeString': u'Ok', u'FrameId': 1001125}]}
2013-10-13 00:28:47: root: DEBUG: Frame saved OK with id: 1001125

2013-10-13 00:28:47: root: DEBUG: Saving summary frame data to API: calling api.insert_summary_frame:
{'SummarizedFrames': [1261893, 1260219, 1264450, 1265476, 1263964, 1265470, 1264451, 1264449, 1262016, 1265468, 1263357, 1261429, 1263966, 1261430, 1265469, 1261431, 1263965, 1260218, 1262014, 1262015, 1266154, 1260217, 1263358, 1262022, 1261892, 1263356, 1261891], u'SentenceId': '', u'FrameData': [{u'Key': 6, u'Value': {u'PlaceInSentence': 2, u'Entity': 75168}}, {u'Key': 3, u'Value': {u'PlaceInSentence': 3, u'Entity': 42}}, {u'Key': 2, u'Value': {u'PlaceInSentence': 28, u'Entity': 75173}}], u'SourceId': '', u'TargetWord': None, u'FrameType': 22, u'FrameId': 1261893, 'FrameCnt': 27, u'IsDeleted': False, 'SummaryInfo': 'captsolo | ConsolidateFrames:  BaseConsolidator | 2013_10_13 00:28:46', u'IsBlessed': False, u'IsHidden': False, u'DocumentId': '', 'MergeType': 'M'}
2013-10-13 00:28:47: root: DEBUG: ... return value from saving summary frame:
{u'Answers': [{u'Answer': 0, u'AnswerTypeString': u'Ok', u'FrameId': 1001126}]}
2013-10-13 00:28:47: root: DEBUG: Frame saved OK with id: 1001126

2013-10-13 00:28:47: root: DEBUG: Saving summary frame data to API: calling api.insert_summary_frame:
{'SummarizedFrames': [1000039, 1000027], u'SentenceId': '', u'FrameData': [{u'Key': 1, u'Value': {u'PlaceInSentence': 0, u'Entity': 42}}, {u'Key': 2, u'Value': {u'PlaceInSentence': 0, u'Entity': 67}}], u'SourceId': '', u'TargetWord': None, u'FrameType': 7, u'FrameId': 1000039, 'FrameCnt': 2, u'IsDeleted': False, 'SummaryInfo': 'captsolo | ConsolidateFrames:  BaseConsolidator | 2013_10_13 00:28:46', u'IsBlessed': False, u'IsHidden': False, u'DocumentId': '', 'MergeType': 'M'}
2013-10-13 00:28:47: root: DEBUG: ... return value from saving summary frame:
{u'Answers': [{u'Answer': 0, u'AnswerTypeString': u'Ok', u'FrameId': 1001127}]}
2013-10-13 00:28:47: root: DEBUG: Frame saved OK with id: 1001127

2013-10-13 00:28:47: root: INFO: 
2013-10-13 00:28:47: root: INFO: Save_entity_frames_to_api - completed.
2013-10-13 00:28:47: root: INFO:  - list of frame IDs (for 30 frames saved):
[1001098, 1001099, 1001100, 1001101, 1001102, 1001103, 1001104, 1001105, 1001106, 1001107, 1001108, 1001109, 1001110, 1001111, 1001112, 1001113, 1001114, 1001115, 1001116, 1001117, 1001118, 1001119, 1001120, 1001121, 1001122, 1001123, 1001124, 1001125, 1001126, 1001127]
